7
0 - l - 2
2 - a - 2
2 - b - 4
4 - l - 3
2 - c - 5
5 - l - 3
3 - l - 1
1
5
0 - a - 3
3 - l - 2
0 - b - 4
4 - l - 2
2 - l - 1
1
6
0 - a - 2
2 - a - 4
4 - l - 3
2 - b - 5
5 - l - 3
3 - l - 1
1
25
0 - l - 3
3 - a - 4
4 - b - 5
5 - l - 3
3 - l - 6
6 - b - 7
7 - l - 2
0 - a - 8
8 - l - 10
10 - b - 11
11 - l - 12
12 - c - 13
13 - l - 12
13 - l - 10
10 - l - 14
14 - l - 9
8 - a - 15
15 - l - 9
15 - l - 16
16 - b - 17
17 - l - 16
17 - l - 18
18 - c - 18
18 - l - 2
2 - l - 1
1
28
0 - l - 3
3 - a - 4
4 - b - 5
5 - l - 3
3 - l - 6
6 - b - 7
7 - l - 2
0 - a - 8
8 - l - 10
10 - b - 11
11 - l - 10
11 - l - 12
12 - b - 13
13 - l - 14
14 - c - 15
15 - l - 14
15 - l - 12
12 - l - 16
16 - l - 9
8 - a - 17
17 - l - 9
17 - l - 18
18 - b - 19
19 - l - 18
19 - l - 20
20 - c - 20
20 - l - 2
2 - l - 1
1
